2017-01-19 11:48:05.306  INFO 30983 --- [main] c.coding.eureka.EurekaServerApplication  : No active profile set, falling back to default profiles: default
2017-01-19 11:48:05.329  INFO 30983 --- [main] ationConfigEmbeddedWebApplicationContext : Refreshing org.springframework.boot.context.embedded.AnnotationConfigEmbeddedWebApplicationContext@7d417077: startup date [Thu Jan 19 11:48:05 PST 2017]; parent: org.springframework.context.annotation.AnnotationConfigApplicationContext@4cdf35a9
2017-01-19 11:48:06.457  WARN 30983 --- [main] o.s.c.a.ConfigurationClassPostProcessor  : Cannot enhance @Configuration bean definition 'refreshScope' since its singleton instance has been created too early. The typical cause is a non-static @Bean method with a BeanDefinitionRegistryPostProcessor return type: Consider declaring such methods as 'static'.
2017-01-19 11:48:06.717  INFO 30983 --- [main] o.s.cloud.context.scope.GenericScope     : BeanFactory id=8fb763b6-938a-3b12-a8c3-9df53e7f150a
2017-01-19 11:48:06.821  INFO 30983 --- [main] f.a.AutowiredAnnotationBeanPostProcessor : JSR-330 'javax.inject.Inject' annotation found and supported for autowiring
2017-01-19 11:48:06.973  INFO 30983 --- [main] trationDelegate$BeanPostProcessorChecker : Bean 'org.springframework.cloud.autoconfigure.ConfigurationPropertiesRebinderAutoConfiguration' of type [class org.springframework.cloud.autoconfigure.ConfigurationPropertiesRebinderAutoConfiguration$$EnhancerBySpringCGLIB$$591cf5d8] is not eligible for getting processed by all BeanPostProcessors (for example: not eligible for auto-proxying)
2017-01-19 11:48:07.344  INFO 30983 --- [main] s.b.c.e.t.TomcatEmbeddedServletContainer : Tomcat initialized with port(s): 8761 (http)
2017-01-19 11:48:07.358  INFO 30983 --- [main] o.apache.catalina.core.StandardService   : Starting service Tomcat
2017-01-19 11:48:07.360  INFO 30983 --- [main] org.apache.catalina.core.StandardEngine  : Starting Servlet Engine: Apache Tomcat/8.5.6
2017-01-19 11:48:07.465  INFO 30983 --- [localhost-startStop-1] o.a.c.c.C.[.[.[/coding-eureka]           : Initializing Spring embedded WebApplicationContext
2017-01-19 11:48:07.465  INFO 30983 --- [localhost-startStop-1] o.s.web.context.ContextLoader            : Root WebApplicationContext: initialization completed in 2136 ms
2017-01-19 11:48:08.071  INFO 30983 --- [localhost-startStop-1] o.s.b.w.servlet.FilterRegistrationBean   : Mapping filter: 'metricsFilter' to: [/*]
2017-01-19 11:48:08.072  INFO 30983 --- [localhost-startStop-1] o.s.b.w.servlet.FilterRegistrationBean   : Mapping filter: 'characterEncodingFilter' to: [/*]
2017-01-19 11:48:08.072  INFO 30983 --- [localhost-startStop-1] o.s.b.w.servlet.FilterRegistrationBean   : Mapping filter: 'hiddenHttpMethodFilter' to: [/*]
2017-01-19 11:48:08.072  INFO 30983 --- [localhost-startStop-1] o.s.b.w.servlet.FilterRegistrationBean   : Mapping filter: 'httpPutFormContentFilter' to: [/*]
2017-01-19 11:48:08.072  INFO 30983 --- [localhost-startStop-1] o.s.b.w.servlet.FilterRegistrationBean   : Mapping filter: 'requestContextFilter' to: [/*]
2017-01-19 11:48:08.073  INFO 30983 --- [localhost-startStop-1] o.s.b.c.embedded.FilterRegistrationBean  : Mapping filter: 'webRequestTraceFilter' to: [/*]
2017-01-19 11:48:08.073  INFO 30983 --- [localhost-startStop-1] o.s.b.c.embedded.FilterRegistrationBean  : Mapping filter: 'servletContainer' to urls: [/eureka/*]
2017-01-19 11:48:08.073  INFO 30983 --- [localhost-startStop-1] o.s.b.w.servlet.FilterRegistrationBean   : Mapping filter: 'applicationContextIdFilter' to: [/*]
2017-01-19 11:48:08.073  INFO 30983 --- [localhost-startStop-1] o.s.b.w.servlet.ServletRegistrationBean  : Mapping servlet: 'dispatcherServlet' to [/]
2017-01-19 11:48:08.229  INFO 30983 --- [localhost-startStop-1] c.s.j.s.i.a.WebApplicationImpl           : Initiating Jersey application, version 'Jersey: 1.19.1 03/11/2016 02:08 PM'
2017-01-19 11:48:08.368  INFO 30983 --- [localhost-startStop-1] c.n.d.provider.DiscoveryJerseyProvider   : Using JSON encoding codec LegacyJacksonJson
2017-01-19 11:48:08.370  INFO 30983 --- [localhost-startStop-1] c.n.d.provider.DiscoveryJerseyProvider   : Using JSON decoding codec LegacyJacksonJson
2017-01-19 11:48:08.545  INFO 30983 --- [localhost-startStop-1] c.n.d.provider.DiscoveryJerseyProvider   : Using XML encoding codec XStreamXml
2017-01-19 11:48:08.546  INFO 30983 --- [localhost-startStop-1] c.n.d.provider.DiscoveryJerseyProvider   : Using XML decoding codec XStreamXml
2017-01-19 11:48:09.127  INFO 30983 --- [main] o.s.c.n.eureka.InstanceInfoFactory       : Setting initial instance status as: STARTING
2017-01-19 11:48:09.192  INFO 30983 --- [main] com.netflix.discovery.DiscoveryClient    : Client configured to neither register nor query for data.
2017-01-19 11:48:09.206  INFO 30983 --- [main] com.netflix.discovery.DiscoveryClient    : Discovery Client initialized at timestamp 1484855289206 with initial instances count: 0
2017-01-19 11:48:09.303  INFO 30983 --- [main] c.n.eureka.DefaultEurekaServerContext    : Initializing ...
2017-01-19 11:48:09.305  INFO 30983 --- [main] c.n.eureka.cluster.PeerEurekaNodes       : Adding new peer nodes [http://localhost:8761/eureka/]
2017-01-19 11:48:09.472  INFO 30983 --- [main] c.n.d.provider.DiscoveryJerseyProvider   : Using JSON encoding codec LegacyJacksonJson
2017-01-19 11:48:09.473  INFO 30983 --- [main] c.n.d.provider.DiscoveryJerseyProvider   : Using JSON decoding codec LegacyJacksonJson
2017-01-19 11:48:09.473  INFO 30983 --- [main] c.n.d.provider.DiscoveryJerseyProvider   : Using XML encoding codec XStreamXml
2017-01-19 11:48:09.473  INFO 30983 --- [main] c.n.d.provider.DiscoveryJerseyProvider   : Using XML decoding codec XStreamXml
2017-01-19 11:48:09.618  INFO 30983 --- [main] c.n.eureka.cluster.PeerEurekaNodes       : Replica node URL:  http://localhost:8761/eureka/
2017-01-19 11:48:09.628  INFO 30983 --- [main] c.n.e.registry.AbstractInstanceRegistry  : Finished initializing remote region registries. All known remote regions: []
2017-01-19 11:48:09.629  INFO 30983 --- [main] c.n.eureka.DefaultEurekaServerContext    : Initialized
2017-01-19 11:48:10.038  INFO 30983 --- [main] s.w.s.m.m.a.RequestMappingHandlerAdapter : Looking for @ControllerAdvice: org.springframework.boot.context.embedded.AnnotationConfigEmbeddedWebApplicationContext@7d417077: startup date [Thu Jan 19 11:48:05 PST 2017]; parent: org.springframework.context.annotation.AnnotationConfigApplicationContext@4cdf35a9
2017-01-19 11:48:10.247  INFO 30983 --- [main] s.w.s.m.m.a.RequestMappingHandlerMapping : Mapped "{[/],methods=[GET]}" onto public java.lang.String org.springframework.cloud.netflix.eureka.server.EurekaController.status(javax.servlet.http.HttpServletRequest,java.util.Map<java.lang.String, java.lang.Object>)
2017-01-19 11:48:10.249  INFO 30983 --- [main] s.w.s.m.m.a.RequestMappingHandlerMapping : Mapped "{[/lastn],methods=[GET]}" onto public java.lang.String org.springframework.cloud.netflix.eureka.server.EurekaController.lastn(javax.servlet.http.HttpServletRequest,java.util.Map<java.lang.String, java.lang.Object>)
2017-01-19 11:48:10.251  INFO 30983 --- [main] s.w.s.m.m.a.RequestMappingHandlerMapping : Mapped "{[/error]}" onto public org.springframework.http.ResponseEntity<java.util.Map<java.lang.String, java.lang.Object>> org.springframework.boot.autoconfigure.web.BasicErrorController.error(javax.servlet.http.HttpServletRequest)
2017-01-19 11:48:10.251  INFO 30983 --- [main] s.w.s.m.m.a.RequestMappingHandlerMapping : Mapped "{[/error],produces=[text/html]}" onto public org.springframework.web.servlet.ModelAndView org.springframework.boot.autoconfigure.web.BasicErrorController.errorHtml(javax.servlet.http.HttpServletRequest,javax.servlet.http.HttpServletResponse)
2017-01-19 11:48:10.297  INFO 30983 --- [main] o.s.w.s.handler.SimpleUrlHandlerMapping  : Mapped URL path [/webjars/**] onto handler of type [class org.springframework.web.servlet.resource.ResourceHttpRequestHandler]
2017-01-19 11:48:10.297  INFO 30983 --- [main] o.s.w.s.handler.SimpleUrlHandlerMapping  : Mapped URL path [/**] onto handler of type [class org.springframework.web.servlet.resource.ResourceHttpRequestHandler]
2017-01-19 11:48:10.361  INFO 30983 --- [main] o.s.w.s.handler.SimpleUrlHandlerMapping  : Mapped URL path [/**/favicon.ico] onto handler of type [class org.springframework.web.servlet.resource.ResourceHttpRequestHandler]
2017-01-19 11:48:10.954  INFO 30983 --- [main] o.s.b.a.e.mvc.EndpointHandlerMapping     : Mapped "{[/dump || /dump.json],methods=[GET],produces=[application/json]}" onto public java.lang.Object org.springframework.boot.actuate.endpoint.mvc.EndpointMvcAdapter.invoke()
2017-01-19 11:48:10.955  INFO 30983 --- [main] o.s.b.a.e.mvc.EndpointHandlerMapping     : Mapped "{[/beans || /beans.json],methods=[GET],produces=[application/json]}" onto public java.lang.Object org.springframework.boot.actuate.endpoint.mvc.EndpointMvcAdapter.invoke()
2017-01-19 11:48:10.955  INFO 30983 --- [main] o.s.b.a.e.mvc.EndpointHandlerMapping     : Mapped "{[/pause || /pause.json],methods=[POST]}" onto public java.lang.Object org.springframework.cloud.endpoint.GenericPostableMvcEndpoint.invoke()
2017-01-19 11:48:10.956  INFO 30983 --- [main] o.s.b.a.e.mvc.EndpointHandlerMapping     : Mapped "{[/logfile || /logfile.json],methods=[GET || HEAD]}" onto public void org.springframework.boot.actuate.endpoint.mvc.LogFileMvcEndpoint.invoke(javax.servlet.http.HttpServletRequest,javax.servlet.http.HttpServletResponse) throws javax.servlet.ServletException,java.io.IOException
2017-01-19 11:48:10.957  INFO 30983 --- [main] o.s.b.a.e.mvc.EndpointHandlerMapping     : Mapped "{[/restart || /restart.json],methods=[POST]}" onto public java.lang.Object org.springframework.cloud.context.restart.RestartMvcEndpoint.invoke()
2017-01-19 11:48:10.957  INFO 30983 --- [main] o.s.b.a.e.mvc.EndpointHandlerMapping     : Mapped "{[/refresh || /refresh.json],methods=[POST]}" onto public java.lang.Object org.springframework.cloud.endpoint.GenericPostableMvcEndpoint.invoke()
2017-01-19 11:48:10.958  INFO 30983 --- [main] o.s.b.a.e.mvc.EndpointHandlerMapping     : Mapped "{[/features || /features.json],methods=[GET],produces=[application/json]}" onto public java.lang.Object org.springframework.boot.actuate.endpoint.mvc.EndpointMvcAdapter.invoke()
2017-01-19 11:48:10.959  INFO 30983 --- [main] o.s.b.a.e.mvc.EndpointHandlerMapping     : Mapped "{[/heapdump || /heapdump.json],methods=[GET],produces=[application/octet-stream]}" onto public void org.springframework.boot.actuate.endpoint.mvc.HeapdumpMvcEndpoint.invoke(boolean,javax.servlet.http.HttpServletRequest,javax.servlet.http.HttpServletResponse) throws java.io.IOException,javax.servlet.ServletException
2017-01-19 11:48:10.962  INFO 30983 --- [main] o.s.b.a.e.mvc.EndpointHandlerMapping     : Mapped "{[/env/{name:.*}],methods=[GET],produces=[application/json]}" onto public java.lang.Object org.springframework.boot.actuate.endpoint.mvc.EnvironmentMvcEndpoint.value(java.lang.String)
2017-01-19 11:48:10.963  INFO 30983 --- [main] o.s.b.a.e.mvc.EndpointHandlerMapping     : Mapped "{[/env || /env.json],methods=[GET],produces=[application/json]}" onto public java.lang.Object org.springframework.boot.actuate.endpoint.mvc.EndpointMvcAdapter.invoke()
2017-01-19 11:48:10.967  INFO 30983 --- [main] o.s.b.a.e.mvc.EndpointHandlerMapping     : Mapped "{[/shutdown || /shutdown.json],methods=[POST]}" onto public java.lang.Object org.springframework.boot.actuate.endpoint.mvc.ShutdownMvcEndpoint.invoke()
2017-01-19 11:48:10.968  INFO 30983 --- [main] o.s.b.a.e.mvc.EndpointHandlerMapping     : Mapped "{[/mappings || /mappings.json],methods=[GET],produces=[application/json]}" onto public java.lang.Object org.springframework.boot.actuate.endpoint.mvc.EndpointMvcAdapter.invoke()
2017-01-19 11:48:10.969  INFO 30983 --- [main] o.s.b.a.e.mvc.EndpointHandlerMapping     : Mapped "{[/trace || /trace.json],methods=[GET],produces=[application/json]}" onto public java.lang.Object org.springframework.boot.actuate.endpoint.mvc.EndpointMvcAdapter.invoke()
2017-01-19 11:48:10.970  INFO 30983 --- [main] o.s.b.a.e.mvc.EndpointHandlerMapping     : Mapped "{[/info || /info.json],methods=[GET],produces=[application/json]}" onto public java.lang.Object org.springframework.boot.actuate.endpoint.mvc.EndpointMvcAdapter.invoke()
2017-01-19 11:48:10.974  INFO 30983 --- [main] o.s.b.a.e.mvc.EndpointHandlerMapping     : Mapped "{[/autoconfig || /autoconfig.json],methods=[GET],produces=[application/json]}" onto public java.lang.Object org.springframework.boot.actuate.endpoint.mvc.EndpointMvcAdapter.invoke()
2017-01-19 11:48:10.974  INFO 30983 --- [main] o.s.b.a.e.mvc.EndpointHandlerMapping     : Mapped "{[/configprops || /configprops.json],methods=[GET],produces=[application/json]}" onto public java.lang.Object org.springframework.boot.actuate.endpoint.mvc.EndpointMvcAdapter.invoke()
2017-01-19 11:48:10.975  INFO 30983 --- [main] o.s.b.a.e.mvc.EndpointHandlerMapping     : Mapped "{[/metrics/{name:.*}],methods=[GET],produces=[application/json]}" onto public java.lang.Object org.springframework.boot.actuate.endpoint.mvc.MetricsMvcEndpoint.value(java.lang.String)
2017-01-19 11:48:10.975  INFO 30983 --- [main] o.s.b.a.e.mvc.EndpointHandlerMapping     : Mapped "{[/metrics || /metrics.json],methods=[GET],produces=[application/json]}" onto public java.lang.Object org.springframework.boot.actuate.endpoint.mvc.EndpointMvcAdapter.invoke()
2017-01-19 11:48:10.977  INFO 30983 --- [main] o.s.b.a.e.mvc.EndpointHandlerMapping     : Mapped "{[/resume || /resume.json],methods=[POST]}" onto public java.lang.Object org.springframework.cloud.endpoint.GenericPostableMvcEndpoint.invoke()
2017-01-19 11:48:10.978  INFO 30983 --- [main] o.s.b.a.e.mvc.EndpointHandlerMapping     : Mapped "{[/env],methods=[POST]}" onto public java.lang.Object org.springframework.cloud.context.environment.EnvironmentManagerMvcEndpoint.value(java.util.Map<java.lang.String, java.lang.String>)
2017-01-19 11:48:10.978  INFO 30983 --- [main] o.s.b.a.e.mvc.EndpointHandlerMapping     : Mapped "{[/env/reset],methods=[POST]}" onto public java.util.Map<java.lang.String, java.lang.Object> org.springframework.cloud.context.environment.EnvironmentManagerMvcEndpoint.reset()
2017-01-19 11:48:10.979  INFO 30983 --- [main] o.s.b.a.e.mvc.EndpointHandlerMapping     : Mapped "{[/archaius || /archaius.json],methods=[GET],produces=[application/json]}" onto public java.lang.Object org.springframework.boot.actuate.endpoint.mvc.EndpointMvcAdapter.invoke()
2017-01-19 11:48:10.980  INFO 30983 --- [main] o.s.b.a.e.mvc.EndpointHandlerMapping     : Mapped "{[/health || /health.json],produces=[application/json]}" onto public java.lang.Object org.springframework.boot.actuate.endpoint.mvc.HealthMvcEndpoint.invoke(java.security.Principal)
2017-01-19 11:48:11.145  INFO 30983 --- [main] o.s.ui.freemarker.SpringTemplateLoader   : SpringTemplateLoader for FreeMarker: using resource loader [org.springframework.boot.context.embedded.AnnotationConfigEmbeddedWebApplicationContext@7d417077: startup date [Thu Jan 19 11:48:05 PST 2017]; parent: org.springframework.context.annotation.AnnotationConfigApplicationContext@4cdf35a9] and template loader path [classpath:/templates/]
2017-01-19 11:48:11.146  INFO 30983 --- [main] o.s.w.s.v.f.FreeMarkerConfigurer         : ClassTemplateLoader for Spring macros added to FreeMarker configuration
2017-01-19 11:48:11.290  WARN 30983 --- [main] o.s.c.n.a.ArchaiusAutoConfiguration      : No spring.application.name found, defaulting to 'application'
2017-01-19 11:48:11.296  WARN 30983 --- [main] c.n.c.sources.URLConfigurationSource     : No URLs will be polled as dynamic configuration sources.
2017-01-19 11:48:11.296  INFO 30983 --- [main] c.n.c.sources.URLConfigurationSource     : To enable URLs as dynamic configuration sources, define System property archaius.configurationSource.additionalUrls or make config.properties available on classpath.
2017-01-19 11:48:11.305  WARN 30983 --- [main] c.n.c.sources.URLConfigurationSource     : No URLs will be polled as dynamic configuration sources.
2017-01-19 11:48:11.305  INFO 30983 --- [main] c.n.c.sources.URLConfigurationSource     : To enable URLs as dynamic configuration sources, define System property archaius.configurationSource.additionalUrls or make config.properties available on classpath.
2017-01-19 11:48:11.399  INFO 30983 --- [main] o.s.j.e.a.AnnotationMBeanExporter        : Registering beans for JMX exposure on startup
2017-01-19 11:48:11.412  INFO 30983 --- [main] o.s.j.e.a.AnnotationMBeanExporter        : Bean with name 'refreshScope' has been autodetected for JMX exposure
2017-01-19 11:48:11.413  INFO 30983 --- [main] o.s.j.e.a.AnnotationMBeanExporter        : Bean with name 'environmentManager' has been autodetected for JMX exposure
2017-01-19 11:48:11.414  INFO 30983 --- [main] o.s.j.e.a.AnnotationMBeanExporter        : Bean with name 'configurationPropertiesRebinder' has been autodetected for JMX exposure
2017-01-19 11:48:11.415  INFO 30983 --- [main] o.s.j.e.a.AnnotationMBeanExporter        : Bean with name 'refreshEndpoint' has been autodetected for JMX exposure
2017-01-19 11:48:11.415  INFO 30983 --- [main] o.s.j.e.a.AnnotationMBeanExporter        : Bean with name 'restartEndpoint' has been autodetected for JMX exposure
2017-01-19 11:48:11.418  INFO 30983 --- [main] o.s.j.e.a.AnnotationMBeanExporter        : Located managed bean 'environmentManager': registering with JMX server as MBean [org.springframework.cloud.context.environment:name=environmentManager,type=EnvironmentManager]
2017-01-19 11:48:11.433  INFO 30983 --- [main] o.s.j.e.a.AnnotationMBeanExporter        : Located managed bean 'restartEndpoint': registering with JMX server as MBean [org.springframework.cloud.context.restart:name=restartEndpoint,type=RestartEndpoint]
2017-01-19 11:48:11.447  INFO 30983 --- [main] o.s.j.e.a.AnnotationMBeanExporter        : Located managed bean 'refreshScope': registering with JMX server as MBean [org.springframework.cloud.context.scope.refresh:name=refreshScope,type=RefreshScope]
2017-01-19 11:48:11.459  INFO 30983 --- [main] o.s.j.e.a.AnnotationMBeanExporter        : Located managed bean 'configurationPropertiesRebinder': registering with JMX server as MBean [org.springframework.cloud.context.properties:name=configurationPropertiesRebinder,context=7d417077,type=ConfigurationPropertiesRebinder]
2017-01-19 11:48:11.468  INFO 30983 --- [main] o.s.j.e.a.AnnotationMBeanExporter        : Located managed bean 'refreshEndpoint': registering with JMX server as MBean [org.springframework.cloud.endpoint:name=refreshEndpoint,type=RefreshEndpoint]
2017-01-19 11:48:11.626  INFO 30983 --- [main] o.s.c.support.DefaultLifecycleProcessor  : Starting beans in phase 0
2017-01-19 11:48:11.627  INFO 30983 --- [Thread-10] o.s.c.n.e.server.EurekaServerBootstrap   : Setting the eureka configuration..
2017-01-19 11:48:11.627  INFO 30983 --- [main] c.n.e.EurekaDiscoveryClientConfiguration : Registering application unknown with eureka with status UP
2017-01-19 11:48:11.627  INFO 30983 --- [Thread-10] o.s.c.n.e.server.EurekaServerBootstrap   : Eureka data center value eureka.datacenter is not set, defaulting to default
2017-01-19 11:48:11.628  INFO 30983 --- [Thread-10] o.s.c.n.e.server.EurekaServerBootstrap   : Eureka environment value eureka.environment is not set, defaulting to test
2017-01-19 11:48:11.653  INFO 30983 --- [Thread-10] o.s.c.n.e.server.EurekaServerBootstrap   : isAws returned false
2017-01-19 11:48:11.654  INFO 30983 --- [Thread-10] o.s.c.n.e.server.EurekaServerBootstrap   : Initialized server context
2017-01-19 11:48:11.654  INFO 30983 --- [Thread-10] c.n.e.r.PeerAwareInstanceRegistryImpl    : Got 1 instances from neighboring DS node
2017-01-19 11:48:11.654  INFO 30983 --- [Thread-10] c.n.e.r.PeerAwareInstanceRegistryImpl    : Renew threshold is: 1
2017-01-19 11:48:11.654  INFO 30983 --- [Thread-10] c.n.e.r.PeerAwareInstanceRegistryImpl    : Changing status to UP
2017-01-19 11:48:11.661  INFO 30983 --- [Thread-10] e.s.EurekaServerInitializerConfiguration : Started Eureka Server
2017-01-19 11:48:11.766  INFO 30983 --- [main] s.b.c.e.t.TomcatEmbeddedServletContainer : Tomcat started on port(s): 8761 (http)
2017-01-19 11:48:11.768  INFO 30983 --- [main] c.n.e.EurekaDiscoveryClientConfiguration : Updating port to 8761
2017-01-19 11:48:11.773  INFO 30983 --- [main] c.coding.eureka.EurekaServerApplication  : Started EurekaServerApplication in 8.016 seconds (JVM running for 8.517)
2017-01-19 11:49:11.657  INFO 30983 --- [Eureka-EvictionTimer] c.n.e.registry.AbstractInstanceRegistry  : Running the evict task with compensationTime 0ms
2017-01-19 11:50:11.660  INFO 30983 --- [Eureka-EvictionTimer] c.n.e.registry.AbstractInstanceRegistry  : Running the evict task with compensationTime 5ms
2017-01-19 11:51:04.507  INFO 30983 --- [http-nio-8761-exec-7] o.a.c.c.C.[.[.[/coding-eureka]           : Initializing Spring FrameworkServlet 'dispatcherServlet'
2017-01-19 11:51:04.507  INFO 30983 --- [http-nio-8761-exec-7] o.s.web.servlet.DispatcherServlet        : FrameworkServlet 'dispatcherServlet': initialization started
2017-01-19 11:51:04.526  INFO 30983 --- [http-nio-8761-exec-7] o.s.web.servlet.DispatcherServlet        : FrameworkServlet 'dispatcherServlet': initialization completed in 19 ms
2017-01-19 11:51:11.661  INFO 30983 --- [Eureka-EvictionTimer] c.n.e.registry.AbstractInstanceRegistry  : Running the evict task with compensationTime 2ms
2017-01-19 11:52:11.663  INFO 30983 --- [Eureka-EvictionTimer] c.n.e.registry.AbstractInstanceRegistry  : Running the evict task with compensationTime 4ms
2017-01-19 11:53:11.664  INFO 30983 --- [Eureka-EvictionTimer] c.n.e.registry.AbstractInstanceRegistry  : Running the evict task with compensationTime 3ms
2017-01-19 11:53:58.595  INFO 30983 --- [Thread-12] ationConfigEmbeddedWebApplicationContext : Closing org.springframework.boot.context.embedded.AnnotationConfigEmbeddedWebApplicationContext@7d417077: startup date [Thu Jan 19 11:48:05 PST 2017]; parent: org.springframework.context.annotation.AnnotationConfigApplicationContext@4cdf35a9
2017-01-19 11:53:58.598  INFO 30983 --- [Thread-12] c.n.e.EurekaDiscoveryClientConfiguration : Unregistering application unknown with eureka with status DOWN
2017-01-19 11:53:58.599  INFO 30983 --- [Thread-12] com.netflix.discovery.DiscoveryClient    : Shutting down DiscoveryClient ...
2017-01-19 11:53:58.599  INFO 30983 --- [Thread-12] com.netflix.discovery.DiscoveryClient    : Completed shut down of DiscoveryClient
2017-01-19 11:53:58.601  INFO 30983 --- [Thread-12] o.s.c.support.DefaultLifecycleProcessor  : Stopping beans in phase 0
2017-01-19 11:53:58.607  INFO 30983 --- [Thread-12] o.s.j.e.a.AnnotationMBeanExporter        : Unregistering JMX-exposed beans on shutdown
2017-01-19 11:53:58.607  INFO 30983 --- [Thread-12] o.s.j.e.a.AnnotationMBeanExporter        : Unregistering JMX-exposed beans
2017-01-19 11:53:58.607  INFO 30983 --- [Thread-12] c.n.eureka.DefaultEurekaServerContext    : Shutting down ...
2017-01-19 11:53:58.612  INFO 30983 --- [Thread-12] c.n.eureka.DefaultEurekaServerContext    : Shut down
2017-01-19 11:54:06.037  INFO 33415 --- [main] c.coding.eureka.EurekaServerApplication  : No active profile set, falling back to default profiles: default
2017-01-19 11:54:06.065  INFO 33415 --- [main] ationConfigEmbeddedWebApplicationContext : Refreshing org.springframework.boot.context.embedded.AnnotationConfigEmbeddedWebApplicationContext@7d417077: startup date [Thu Jan 19 11:54:06 PST 2017]; parent: org.springframework.context.annotation.AnnotationConfigApplicationContext@4cdf35a9
2017-01-19 11:54:07.135  WARN 33415 --- [main] o.s.c.a.ConfigurationClassPostProcessor  : Cannot enhance @Configuration bean definition 'refreshScope' since its singleton instance has been created too early. The typical cause is a non-static @Bean method with a BeanDefinitionRegistryPostProcessor return type: Consider declaring such methods as 'static'.
2017-01-19 11:54:07.377  INFO 33415 --- [main] o.s.cloud.context.scope.GenericScope     : BeanFactory id=8fb763b6-938a-3b12-a8c3-9df53e7f150a
2017-01-19 11:54:07.485  INFO 33415 --- [main] f.a.AutowiredAnnotationBeanPostProcessor : JSR-330 'javax.inject.Inject' annotation found and supported for autowiring
2017-01-19 11:54:07.611  INFO 33415 --- [main] trationDelegate$BeanPostProcessorChecker : Bean 'org.springframework.cloud.autoconfigure.ConfigurationPropertiesRebinderAutoConfiguration' of type [class org.springframework.cloud.autoconfigure.ConfigurationPropertiesRebinderAutoConfiguration$$EnhancerBySpringCGLIB$$591cf5d8] is not eligible for getting processed by all BeanPostProcessors (for example: not eligible for auto-proxying)
2017-01-19 11:54:07.944  INFO 33415 --- [main] s.b.c.e.t.TomcatEmbeddedServletContainer : Tomcat initialized with port(s): 8761 (http)
2017-01-19 11:54:07.955  INFO 33415 --- [main] o.apache.catalina.core.StandardService   : Starting service Tomcat
2017-01-19 11:54:07.956  INFO 33415 --- [main] org.apache.catalina.core.StandardEngine  : Starting Servlet Engine: Apache Tomcat/8.5.6
2017-01-19 11:54:08.054  INFO 33415 --- [localhost-startStop-1] o.a.c.c.C.[.[.[/coding-eureka]           : Initializing Spring embedded WebApplicationContext
2017-01-19 11:54:08.054  INFO 33415 --- [localhost-startStop-1] o.s.web.context.ContextLoader            : Root WebApplicationContext: initialization completed in 1989 ms
2017-01-19 11:54:08.602  INFO 33415 --- [localhost-startStop-1] o.s.b.w.servlet.FilterRegistrationBean   : Mapping filter: 'metricsFilter' to: [/*]
2017-01-19 11:54:08.603  INFO 33415 --- [localhost-startStop-1] o.s.b.w.servlet.FilterRegistrationBean   : Mapping filter: 'characterEncodingFilter' to: [/*]
2017-01-19 11:54:08.603  INFO 33415 --- [localhost-startStop-1] o.s.b.w.servlet.FilterRegistrationBean   : Mapping filter: 'hiddenHttpMethodFilter' to: [/*]
2017-01-19 11:54:08.603  INFO 33415 --- [localhost-startStop-1] o.s.b.w.servlet.FilterRegistrationBean   : Mapping filter: 'httpPutFormContentFilter' to: [/*]
2017-01-19 11:54:08.604  INFO 33415 --- [localhost-startStop-1] o.s.b.w.servlet.FilterRegistrationBean   : Mapping filter: 'requestContextFilter' to: [/*]
2017-01-19 11:54:08.604  INFO 33415 --- [localhost-startStop-1] o.s.b.c.embedded.FilterRegistrationBean  : Mapping filter: 'webRequestTraceFilter' to: [/*]
2017-01-19 11:54:08.604  INFO 33415 --- [localhost-startStop-1] o.s.b.c.embedded.FilterRegistrationBean  : Mapping filter: 'servletContainer' to urls: [/eureka/*]
2017-01-19 11:54:08.604  INFO 33415 --- [localhost-startStop-1] o.s.b.w.servlet.FilterRegistrationBean   : Mapping filter: 'applicationContextIdFilter' to: [/*]
2017-01-19 11:54:08.604  INFO 33415 --- [localhost-startStop-1] o.s.b.w.servlet.ServletRegistrationBean  : Mapping servlet: 'dispatcherServlet' to [/]
2017-01-19 11:54:08.730  INFO 33415 --- [localhost-startStop-1] c.s.j.s.i.a.WebApplicationImpl           : Initiating Jersey application, version 'Jersey: 1.19.1 03/11/2016 02:08 PM'
2017-01-19 11:54:08.833  INFO 33415 --- [localhost-startStop-1] c.n.d.provider.DiscoveryJerseyProvider   : Using JSON encoding codec LegacyJacksonJson
2017-01-19 11:54:08.835  INFO 33415 --- [localhost-startStop-1] c.n.d.provider.DiscoveryJerseyProvider   : Using JSON decoding codec LegacyJacksonJson
2017-01-19 11:54:09.002  INFO 33415 --- [localhost-startStop-1] c.n.d.provider.DiscoveryJerseyProvider   : Using XML encoding codec XStreamXml
2017-01-19 11:54:09.002  INFO 33415 --- [localhost-startStop-1] c.n.d.provider.DiscoveryJerseyProvider   : Using XML decoding codec XStreamXml
2017-01-19 11:54:09.491  INFO 33415 --- [main] o.s.c.n.eureka.InstanceInfoFactory       : Setting initial instance status as: STARTING
2017-01-19 11:54:09.547  INFO 33415 --- [main] com.netflix.discovery.DiscoveryClient    : Client configured to neither register nor query for data.
2017-01-19 11:54:09.563  INFO 33415 --- [main] com.netflix.discovery.DiscoveryClient    : Discovery Client initialized at timestamp 1484855649562 with initial instances count: 0
2017-01-19 11:54:09.673  INFO 33415 --- [main] c.n.eureka.DefaultEurekaServerContext    : Initializing ...
2017-01-19 11:54:09.676  INFO 33415 --- [main] c.n.eureka.cluster.PeerEurekaNodes       : Adding new peer nodes [http://localhost:8761/eureka/]
2017-01-19 11:54:09.835  INFO 33415 --- [main] c.n.d.provider.DiscoveryJerseyProvider   : Using JSON encoding codec LegacyJacksonJson
2017-01-19 11:54:09.835  INFO 33415 --- [main] c.n.d.provider.DiscoveryJerseyProvider   : Using JSON decoding codec LegacyJacksonJson
2017-01-19 11:54:09.835  INFO 33415 --- [main] c.n.d.provider.DiscoveryJerseyProvider   : Using XML encoding codec XStreamXml
2017-01-19 11:54:09.836  INFO 33415 --- [main] c.n.d.provider.DiscoveryJerseyProvider   : Using XML decoding codec XStreamXml
2017-01-19 11:54:09.968  INFO 33415 --- [main] c.n.eureka.cluster.PeerEurekaNodes       : Replica node URL:  http://localhost:8761/eureka/
2017-01-19 11:54:09.975  INFO 33415 --- [main] c.n.e.registry.AbstractInstanceRegistry  : Finished initializing remote region registries. All known remote regions: []
2017-01-19 11:54:09.976  INFO 33415 --- [main] c.n.eureka.DefaultEurekaServerContext    : Initialized
2017-01-19 11:54:10.354  INFO 33415 --- [main] s.w.s.m.m.a.RequestMappingHandlerAdapter : Looking for @ControllerAdvice: org.springframework.boot.context.embedded.AnnotationConfigEmbeddedWebApplicationContext@7d417077: startup date [Thu Jan 19 11:54:06 PST 2017]; parent: org.springframework.context.annotation.AnnotationConfigApplicationContext@4cdf35a9
2017-01-19 11:54:10.528  INFO 33415 --- [main] s.w.s.m.m.a.RequestMappingHandlerMapping : Mapped "{[/],methods=[GET]}" onto public java.lang.String org.springframework.cloud.netflix.eureka.server.EurekaController.status(javax.servlet.http.HttpServletRequest,java.util.Map<java.lang.String, java.lang.Object>)
2017-01-19 11:54:10.530  INFO 33415 --- [main] s.w.s.m.m.a.RequestMappingHandlerMapping : Mapped "{[/lastn],methods=[GET]}" onto public java.lang.String org.springframework.cloud.netflix.eureka.server.EurekaController.lastn(javax.servlet.http.HttpServletRequest,java.util.Map<java.lang.String, java.lang.Object>)
2017-01-19 11:54:10.531  INFO 33415 --- [main] s.w.s.m.m.a.RequestMappingHandlerMapping : Mapped "{[/error]}" onto public org.springframework.http.ResponseEntity<java.util.Map<java.lang.String, java.lang.Object>> org.springframework.boot.autoconfigure.web.BasicErrorController.error(javax.servlet.http.HttpServletRequest)
2017-01-19 11:54:10.532  INFO 33415 --- [main] s.w.s.m.m.a.RequestMappingHandlerMapping : Mapped "{[/error],produces=[text/html]}" onto public org.springframework.web.servlet.ModelAndView org.springframework.boot.autoconfigure.web.BasicErrorController.errorHtml(javax.servlet.http.HttpServletRequest,javax.servlet.http.HttpServletResponse)
2017-01-19 11:54:10.567  INFO 33415 --- [main] o.s.w.s.handler.SimpleUrlHandlerMapping  : Mapped URL path [/webjars/**] onto handler of type [class org.springframework.web.servlet.resource.ResourceHttpRequestHandler]
2017-01-19 11:54:10.567  INFO 33415 --- [main] o.s.w.s.handler.SimpleUrlHandlerMapping  : Mapped URL path [/**] onto handler of type [class org.springframework.web.servlet.resource.ResourceHttpRequestHandler]
2017-01-19 11:54:10.628  INFO 33415 --- [main] o.s.w.s.handler.SimpleUrlHandlerMapping  : Mapped URL path [/**/favicon.ico] onto handler of type [class org.springframework.web.servlet.resource.ResourceHttpRequestHandler]
2017-01-19 11:54:11.182  INFO 33415 --- [main] o.s.b.a.e.mvc.EndpointHandlerMapping     : Mapped "{[/autoconfig || /autoconfig.json],methods=[GET],produces=[application/json]}" onto public java.lang.Object org.springframework.boot.actuate.endpoint.mvc.EndpointMvcAdapter.invoke()
2017-01-19 11:54:11.183  INFO 33415 --- [main] o.s.b.a.e.mvc.EndpointHandlerMapping     : Mapped "{[/refresh || /refresh.json],methods=[POST]}" onto public java.lang.Object org.springframework.cloud.endpoint.GenericPostableMvcEndpoint.invoke()
2017-01-19 11:54:11.185  INFO 33415 --- [main] o.s.b.a.e.mvc.EndpointHandlerMapping     : Mapped "{[/shutdown || /shutdown.json],methods=[POST]}" onto public java.lang.Object org.springframework.boot.actuate.endpoint.mvc.ShutdownMvcEndpoint.invoke()
2017-01-19 11:54:11.186  INFO 33415 --- [main] o.s.b.a.e.mvc.EndpointHandlerMapping     : Mapped "{[/info || /info.json],methods=[GET],produces=[application/json]}" onto public java.lang.Object org.springframework.boot.actuate.endpoint.mvc.EndpointMvcAdapter.invoke()
2017-01-19 11:54:11.186  INFO 33415 --- [main] o.s.b.a.e.mvc.EndpointHandlerMapping     : Mapped "{[/health || /health.json],produces=[application/json]}" onto public java.lang.Object org.springframework.boot.actuate.endpoint.mvc.HealthMvcEndpoint.invoke(java.security.Principal)
2017-01-19 11:54:11.187  INFO 33415 --- [main] o.s.b.a.e.mvc.EndpointHandlerMapping     : Mapped "{[/logfile || /logfile.json],methods=[GET || HEAD]}" onto public void org.springframework.boot.actuate.endpoint.mvc.LogFileMvcEndpoint.invoke(javax.servlet.http.HttpServletRequest,javax.servlet.http.HttpServletResponse) throws javax.servlet.ServletException,java.io.IOException
2017-01-19 11:54:11.187  INFO 33415 --- [main] o.s.b.a.e.mvc.EndpointHandlerMapping     : Mapped "{[/resume || /resume.json],methods=[POST]}" onto public java.lang.Object org.springframework.cloud.endpoint.GenericPostableMvcEndpoint.invoke()
2017-01-19 11:54:11.188  INFO 33415 --- [main] o.s.b.a.e.mvc.EndpointHandlerMapping     : Mapped "{[/metrics/{name:.*}],methods=[GET],produces=[application/json]}" onto public java.lang.Object org.springframework.boot.actuate.endpoint.mvc.MetricsMvcEndpoint.value(java.lang.String)
2017-01-19 11:54:11.188  INFO 33415 --- [main] o.s.b.a.e.mvc.EndpointHandlerMapping     : Mapped "{[/metrics || /metrics.json],methods=[GET],produces=[application/json]}" onto public java.lang.Object org.springframework.boot.actuate.endpoint.mvc.EndpointMvcAdapter.invoke()
2017-01-19 11:54:11.190  INFO 33415 --- [main] o.s.b.a.e.mvc.EndpointHandlerMapping     : Mapped "{[/mappings || /mappings.json],methods=[GET],produces=[application/json]}" onto public java.lang.Object org.springframework.boot.actuate.endpoint.mvc.EndpointMvcAdapter.invoke()
2017-01-19 11:54:11.191  INFO 33415 --- [main] o.s.b.a.e.mvc.EndpointHandlerMapping     : Mapped "{[/env/{name:.*}],methods=[GET],produces=[application/json]}" onto public java.lang.Object org.springframework.boot.actuate.endpoint.mvc.EnvironmentMvcEndpoint.value(java.lang.String)
2017-01-19 11:54:11.191  INFO 33415 --- [main] o.s.b.a.e.mvc.EndpointHandlerMapping     : Mapped "{[/env || /env.json],methods=[GET],produces=[application/json]}" onto public java.lang.Object org.springframework.boot.actuate.endpoint.mvc.EndpointMvcAdapter.invoke()
2017-01-19 11:54:11.192  INFO 33415 --- [main] o.s.b.a.e.mvc.EndpointHandlerMapping     : Mapped "{[/heapdump || /heapdump.json],methods=[GET],produces=[application/octet-stream]}" onto public void org.springframework.boot.actuate.endpoint.mvc.HeapdumpMvcEndpoint.invoke(boolean,javax.servlet.http.HttpServletRequest,javax.servlet.http.HttpServletResponse) throws java.io.IOException,javax.servlet.ServletException
2017-01-19 11:54:11.193  INFO 33415 --- [main] o.s.b.a.e.mvc.EndpointHandlerMapping     : Mapped "{[/pause || /pause.json],methods=[POST]}" onto public java.lang.Object org.springframework.cloud.endpoint.GenericPostableMvcEndpoint.invoke()
2017-01-19 11:54:11.194  INFO 33415 --- [main] o.s.b.a.e.mvc.EndpointHandlerMapping     : Mapped "{[/beans || /beans.json],methods=[GET],produces=[application/json]}" onto public java.lang.Object org.springframework.boot.actuate.endpoint.mvc.EndpointMvcAdapter.invoke()
2017-01-19 11:54:11.196  INFO 33415 --- [main] o.s.b.a.e.mvc.EndpointHandlerMapping     : Mapped "{[/dump || /dump.json],methods=[GET],produces=[application/json]}" onto public java.lang.Object org.springframework.boot.actuate.endpoint.mvc.EndpointMvcAdapter.invoke()
2017-01-19 11:54:11.197  INFO 33415 --- [main] o.s.b.a.e.mvc.EndpointHandlerMapping     : Mapped "{[/trace || /trace.json],methods=[GET],produces=[application/json]}" onto public java.lang.Object org.springframework.boot.actuate.endpoint.mvc.EndpointMvcAdapter.invoke()
2017-01-19 11:54:11.198  INFO 33415 --- [main] o.s.b.a.e.mvc.EndpointHandlerMapping     : Mapped "{[/configprops || /configprops.json],methods=[GET],produces=[application/json]}" onto public java.lang.Object org.springframework.boot.actuate.endpoint.mvc.EndpointMvcAdapter.invoke()
2017-01-19 11:54:11.199  INFO 33415 --- [main] o.s.b.a.e.mvc.EndpointHandlerMapping     : Mapped "{[/archaius || /archaius.json],methods=[GET],produces=[application/json]}" onto public java.lang.Object org.springframework.boot.actuate.endpoint.mvc.EndpointMvcAdapter.invoke()
2017-01-19 11:54:11.200  INFO 33415 --- [main] o.s.b.a.e.mvc.EndpointHandlerMapping     : Mapped "{[/env],methods=[POST]}" onto public java.lang.Object org.springframework.cloud.context.environment.EnvironmentManagerMvcEndpoint.value(java.util.Map<java.lang.String, java.lang.String>)
2017-01-19 11:54:11.200  INFO 33415 --- [main] o.s.b.a.e.mvc.EndpointHandlerMapping     : Mapped "{[/env/reset],methods=[POST]}" onto public java.util.Map<java.lang.String, java.lang.Object> org.springframework.cloud.context.environment.EnvironmentManagerMvcEndpoint.reset()
2017-01-19 11:54:11.201  INFO 33415 --- [main] o.s.b.a.e.mvc.EndpointHandlerMapping     : Mapped "{[/features || /features.json],methods=[GET],produces=[application/json]}" onto public java.lang.Object org.springframework.boot.actuate.endpoint.mvc.EndpointMvcAdapter.invoke()
2017-01-19 11:54:11.201  INFO 33415 --- [main] o.s.b.a.e.mvc.EndpointHandlerMapping     : Mapped "{[/restart || /restart.json],methods=[POST]}" onto public java.lang.Object org.springframework.cloud.context.restart.RestartMvcEndpoint.invoke()
2017-01-19 11:54:11.366  INFO 33415 --- [main] o.s.ui.freemarker.SpringTemplateLoader   : SpringTemplateLoader for FreeMarker: using resource loader [org.springframework.boot.context.embedded.AnnotationConfigEmbeddedWebApplicationContext@7d417077: startup date [Thu Jan 19 11:54:06 PST 2017]; parent: org.springframework.context.annotation.AnnotationConfigApplicationContext@4cdf35a9] and template loader path [classpath:/templates/]
2017-01-19 11:54:11.367  INFO 33415 --- [main] o.s.w.s.v.f.FreeMarkerConfigurer         : ClassTemplateLoader for Spring macros added to FreeMarker configuration
2017-01-19 11:54:11.473  WARN 33415 --- [main] o.s.c.n.a.ArchaiusAutoConfiguration      : No spring.application.name found, defaulting to 'application'
2017-01-19 11:54:11.478  WARN 33415 --- [main] c.n.c.sources.URLConfigurationSource     : No URLs will be polled as dynamic configuration sources.
2017-01-19 11:54:11.479  INFO 33415 --- [main] c.n.c.sources.URLConfigurationSource     : To enable URLs as dynamic configuration sources, define System property archaius.configurationSource.additionalUrls or make config.properties available on classpath.
2017-01-19 11:54:11.487  WARN 33415 --- [main] c.n.c.sources.URLConfigurationSource     : No URLs will be polled as dynamic configuration sources.
2017-01-19 11:54:11.487  INFO 33415 --- [main] c.n.c.sources.URLConfigurationSource     : To enable URLs as dynamic configuration sources, define System property archaius.configurationSource.additionalUrls or make config.properties available on classpath.
2017-01-19 11:54:11.591  INFO 33415 --- [main] o.s.j.e.a.AnnotationMBeanExporter        : Registering beans for JMX exposure on startup
2017-01-19 11:54:11.603  INFO 33415 --- [main] o.s.j.e.a.AnnotationMBeanExporter        : Bean with name 'refreshScope' has been autodetected for JMX exposure
2017-01-19 11:54:11.604  INFO 33415 --- [main] o.s.j.e.a.AnnotationMBeanExporter        : Bean with name 'environmentManager' has been autodetected for JMX exposure
2017-01-19 11:54:11.606  INFO 33415 --- [main] o.s.j.e.a.AnnotationMBeanExporter        : Bean with name 'configurationPropertiesRebinder' has been autodetected for JMX exposure
2017-01-19 11:54:11.606  INFO 33415 --- [main] o.s.j.e.a.AnnotationMBeanExporter        : Bean with name 'refreshEndpoint' has been autodetected for JMX exposure
2017-01-19 11:54:11.607  INFO 33415 --- [main] o.s.j.e.a.AnnotationMBeanExporter        : Bean with name 'restartEndpoint' has been autodetected for JMX exposure
2017-01-19 11:54:11.610  INFO 33415 --- [main] o.s.j.e.a.AnnotationMBeanExporter        : Located managed bean 'environmentManager': registering with JMX server as MBean [org.springframework.cloud.context.environment:name=environmentManager,type=EnvironmentManager]
2017-01-19 11:54:11.626  INFO 33415 --- [main] o.s.j.e.a.AnnotationMBeanExporter        : Located managed bean 'restartEndpoint': registering with JMX server as MBean [org.springframework.cloud.context.restart:name=restartEndpoint,type=RestartEndpoint]
2017-01-19 11:54:11.642  INFO 33415 --- [main] o.s.j.e.a.AnnotationMBeanExporter        : Located managed bean 'refreshScope': registering with JMX server as MBean [org.springframework.cloud.context.scope.refresh:name=refreshScope,type=RefreshScope]
2017-01-19 11:54:11.655  INFO 33415 --- [main] o.s.j.e.a.AnnotationMBeanExporter        : Located managed bean 'configurationPropertiesRebinder': registering with JMX server as MBean [org.springframework.cloud.context.properties:name=configurationPropertiesRebinder,context=7d417077,type=ConfigurationPropertiesRebinder]
2017-01-19 11:54:11.664  INFO 33415 --- [main] o.s.j.e.a.AnnotationMBeanExporter        : Located managed bean 'refreshEndpoint': registering with JMX server as MBean [org.springframework.cloud.endpoint:name=refreshEndpoint,type=RefreshEndpoint]
2017-01-19 11:54:11.822  INFO 33415 --- [main] o.s.c.support.DefaultLifecycleProcessor  : Starting beans in phase 0
2017-01-19 11:54:11.823  INFO 33415 --- [Thread-10] o.s.c.n.e.server.EurekaServerBootstrap   : Setting the eureka configuration..
2017-01-19 11:54:11.823  INFO 33415 --- [main] c.n.e.EurekaDiscoveryClientConfiguration : Registering application unknown with eureka with status UP
2017-01-19 11:54:11.823  INFO 33415 --- [Thread-10] o.s.c.n.e.server.EurekaServerBootstrap   : Eureka data center value eureka.datacenter is not set, defaulting to default
2017-01-19 11:54:11.824  INFO 33415 --- [Thread-10] o.s.c.n.e.server.EurekaServerBootstrap   : Eureka environment value eureka.environment is not set, defaulting to test
2017-01-19 11:54:11.838  INFO 33415 --- [Thread-10] o.s.c.n.e.server.EurekaServerBootstrap   : isAws returned false
2017-01-19 11:54:11.839  INFO 33415 --- [Thread-10] o.s.c.n.e.server.EurekaServerBootstrap   : Initialized server context
2017-01-19 11:54:11.840  INFO 33415 --- [Thread-10] c.n.e.r.PeerAwareInstanceRegistryImpl    : Got 1 instances from neighboring DS node
2017-01-19 11:54:11.840  INFO 33415 --- [Thread-10] c.n.e.r.PeerAwareInstanceRegistryImpl    : Renew threshold is: 1
2017-01-19 11:54:11.841  INFO 33415 --- [Thread-10] c.n.e.r.PeerAwareInstanceRegistryImpl    : Changing status to UP
2017-01-19 11:54:11.849  INFO 33415 --- [Thread-10] e.s.EurekaServerInitializerConfiguration : Started Eureka Server
2017-01-19 11:54:11.957  INFO 33415 --- [main] s.b.c.e.t.TomcatEmbeddedServletContainer : Tomcat started on port(s): 8761 (http)
2017-01-19 11:54:11.958  INFO 33415 --- [main] c.n.e.EurekaDiscoveryClientConfiguration : Updating port to 8761
2017-01-19 11:54:11.963  INFO 33415 --- [main] c.coding.eureka.EurekaServerApplication  : Started EurekaServerApplication in 7.537 seconds (JVM running for 8.052)
2017-01-19 11:54:16.314  INFO 33415 --- [http-nio-8761-exec-1] o.a.c.c.C.[.[.[/coding-eureka]           : Initializing Spring FrameworkServlet 'dispatcherServlet'
2017-01-19 11:54:16.314  INFO 33415 --- [http-nio-8761-exec-1] o.s.web.servlet.DispatcherServlet        : FrameworkServlet 'dispatcherServlet': initialization started
2017-01-19 11:54:16.333  INFO 33415 --- [http-nio-8761-exec-1] o.s.web.servlet.DispatcherServlet        : FrameworkServlet 'dispatcherServlet': initialization completed in 19 ms
2017-01-19 11:55:11.845  INFO 33415 --- [Eureka-EvictionTimer] c.n.e.registry.AbstractInstanceRegistry  : Running the evict task with compensationTime 0ms
2017-01-19 11:56:11.845  INFO 33415 --- [Eureka-EvictionTimer] c.n.e.registry.AbstractInstanceRegistry  : Running the evict task with compensationTime 2ms
2017-01-19 11:57:11.845  INFO 33415 --- [Eureka-EvictionTimer] c.n.e.registry.AbstractInstanceRegistry  : Running the evict task with compensationTime 1ms
2017-01-19 11:58:11.846  INFO 33415 --- [Eureka-EvictionTimer] c.n.e.registry.AbstractInstanceRegistry  : Running the evict task with compensationTime 3ms
2017-01-19 11:59:11.846  INFO 33415 --- [Eureka-EvictionTimer] c.n.e.registry.AbstractInstanceRegistry  : Running the evict task with compensationTime 3ms
2017-01-19 12:00:11.848  INFO 33415 --- [Eureka-EvictionTimer] c.n.e.registry.AbstractInstanceRegistry  : Running the evict task with compensationTime 3ms
2017-01-19 12:01:11.850  INFO 33415 --- [Eureka-EvictionTimer] c.n.e.registry.AbstractInstanceRegistry  : Running the evict task with compensationTime 4ms
2017-01-19 12:02:11.851  INFO 33415 --- [Eureka-EvictionTimer] c.n.e.registry.AbstractInstanceRegistry  : Running the evict task with compensationTime 2ms
2017-01-19 12:03:11.851  INFO 33415 --- [Eureka-EvictionTimer] c.n.e.registry.AbstractInstanceRegistry  : Running the evict task with compensationTime 2ms
2017-01-19 12:04:11.854  INFO 33415 --- [Eureka-EvictionTimer] c.n.e.registry.AbstractInstanceRegistry  : Running the evict task with compensationTime 4ms
2017-01-19 12:05:11.854  INFO 33415 --- [Eureka-EvictionTimer] c.n.e.registry.AbstractInstanceRegistry  : Running the evict task with compensationTime 1ms
2017-01-19 12:06:11.857  INFO 33415 --- [Eureka-EvictionTimer] c.n.e.registry.AbstractInstanceRegistry  : Running the evict task with compensationTime 5ms
2017-01-19 12:07:11.859  INFO 33415 --- [Eureka-EvictionTimer] c.n.e.registry.AbstractInstanceRegistry  : Running the evict task with compensationTime 4ms
2017-01-19 12:08:09.367  INFO 33415 --- [Thread-12] ationConfigEmbeddedWebApplicationContext : Closing org.springframework.boot.context.embedded.AnnotationConfigEmbeddedWebApplicationContext@7d417077: startup date [Thu Jan 19 11:54:06 PST 2017]; parent: org.springframework.context.annotation.AnnotationConfigApplicationContext@4cdf35a9
2017-01-19 12:08:09.368  INFO 33415 --- [Thread-12] c.n.e.EurekaDiscoveryClientConfiguration : Unregistering application unknown with eureka with status DOWN
2017-01-19 12:08:09.369  INFO 33415 --- [Thread-12] com.netflix.discovery.DiscoveryClient    : Shutting down DiscoveryClient ...
2017-01-19 12:08:09.369  INFO 33415 --- [Thread-12] com.netflix.discovery.DiscoveryClient    : Completed shut down of DiscoveryClient
2017-01-19 12:08:09.371  INFO 33415 --- [Thread-12] o.s.c.support.DefaultLifecycleProcessor  : Stopping beans in phase 0
2017-01-19 12:08:09.375  INFO 33415 --- [Thread-12] o.s.j.e.a.AnnotationMBeanExporter        : Unregistering JMX-exposed beans on shutdown
2017-01-19 12:08:09.375  INFO 33415 --- [Thread-12] o.s.j.e.a.AnnotationMBeanExporter        : Unregistering JMX-exposed beans
2017-01-19 12:08:09.376  INFO 33415 --- [Thread-12] c.n.eureka.DefaultEurekaServerContext    : Shutting down ...
2017-01-19 12:08:09.382  INFO 33415 --- [Thread-12] c.n.eureka.DefaultEurekaServerContext    : Shut down
2017-01-19 12:08:17.988  INFO 39107 --- [main] c.coding.eureka.EurekaServerApplication  : No active profile set, falling back to default profiles: default
2017-01-19 12:08:18.011  INFO 39107 --- [main] ationConfigEmbeddedWebApplicationContext : Refreshing org.springframework.boot.context.embedded.AnnotationConfigEmbeddedWebApplicationContext@7d417077: startup date [Thu Jan 19 12:08:18 PST 2017]; parent: org.springframework.context.annotation.AnnotationConfigApplicationContext@4cdf35a9
2017-01-19 12:08:19.061  WARN 39107 --- [main] o.s.c.a.ConfigurationClassPostProcessor  : Cannot enhance @Configuration bean definition 'refreshScope' since its singleton instance has been created too early. The typical cause is a non-static @Bean method with a BeanDefinitionRegistryPostProcessor return type: Consider declaring such methods as 'static'.
2017-01-19 12:08:19.320  INFO 39107 --- [main] o.s.cloud.context.scope.GenericScope     : BeanFactory id=8fb763b6-938a-3b12-a8c3-9df53e7f150a
2017-01-19 12:08:19.408  INFO 39107 --- [main] f.a.AutowiredAnnotationBeanPostProcessor : JSR-330 'javax.inject.Inject' annotation found and supported for autowiring
2017-01-19 12:08:19.535  INFO 39107 --- [main] trationDelegate$BeanPostProcessorChecker : Bean 'org.springframework.cloud.autoconfigure.ConfigurationPropertiesRebinderAutoConfiguration' of type [class org.springframework.cloud.autoconfigure.ConfigurationPropertiesRebinderAutoConfiguration$$EnhancerBySpringCGLIB$$591cf5d8] is not eligible for getting processed by all BeanPostProcessors (for example: not eligible for auto-proxying)
2017-01-19 12:08:19.852  INFO 39107 --- [main] s.b.c.e.t.TomcatEmbeddedServletContainer : Tomcat initialized with port(s): 8761 (http)
2017-01-19 12:08:19.865  INFO 39107 --- [main] o.apache.catalina.core.StandardService   : Starting service Tomcat
2017-01-19 12:08:19.866  INFO 39107 --- [main] org.apache.catalina.core.StandardEngine  : Starting Servlet Engine: Apache Tomcat/8.5.6
2017-01-19 12:08:19.966  INFO 39107 --- [localhost-startStop-1] o.a.c.c.C.[.[.[/coding-eureka]           : Initializing Spring embedded WebApplicationContext
2017-01-19 12:08:19.966  INFO 39107 --- [localhost-startStop-1] o.s.web.context.ContextLoader            : Root WebApplicationContext: initialization completed in 1955 ms
2017-01-19 12:08:20.136 ERROR 39107 --- [localhost-startStop-1] o.s.b.b.PropertiesConfigurationFactory   : Properties configuration failed validation
2017-01-19 12:08:20.136 ERROR 39107 --- [localhost-startStop-1] o.s.b.b.PropertiesConfigurationFactory   : Field error in object 'eureka.server' on field 'renewalPercentThreshold': rejected value [0.49 # to get rid of the annoying EMERGENCY... when there is only  ]; codes [typeMismatch.eureka.server.renewalPercentThreshold,typeMismatch.renewalPercentThreshold,typeMismatch.double,typeMismatch]; arguments [org.springframework.context.support.DefaultMessageSourceResolvable: codes [eureka.server.renewalPercentThreshold,renewalPercentThreshold]; arguments []; default message [renewalPercentThreshold]]; default message [Failed to convert property value of type 'java.lang.String' to required type 'double' for property 'renewalPercentThreshold'; nested exception is org.springframework.core.convert.ConverterNotFoundException: No converter found capable of converting from type [java.lang.String] to type [double]]
2017-01-19 12:08:20.138 ERROR 39107 --- [localhost-startStop-1] o.s.b.c.embedded.tomcat.TomcatStarter    : Error starting Tomcat context. Exception: org.springframework.beans.factory.UnsatisfiedDependencyException. Message: Error creating bean with name 'org.springframework.cloud.netflix.eureka.server.EurekaServerConfiguration': Unsatisfied dependency expressed through field 'eurekaServerConfig'; nested exception is org.springframework.beans.factory.BeanCreationException: Error creating bean with name 'eurekaServerConfig': Could not bind properties to EurekaServerConfigBean (prefix=eureka.server, ignoreInvalidFields=false, ignoreUnknownFields=true, ignoreNestedProperties=false); nested exception is org.springframework.validation.BindException: org.springframework.boot.bind.RelaxedDataBinder$RelaxedBeanPropertyBindingResult: 1 errors
Field error in object 'eureka.server' on field 'renewalPercentThreshold': rejected value [0.49 # to get rid of the annoying EMERGENCY... when there is only  ]; codes [typeMismatch.eureka.server.renewalPercentThreshold,typeMismatch.renewalPercentThreshold,typeMismatch.double,typeMismatch]; arguments [org.springframework.context.support.DefaultMessageSourceResolvable: codes [eureka.server.renewalPercentThreshold,renewalPercentThreshold]; arguments []; default message [renewalPercentThreshold]]; default message [Failed to convert property value of type 'java.lang.String' to required type 'double' for property 'renewalPercentThreshold'; nested exception is org.springframework.core.convert.ConverterNotFoundException: No converter found capable of converting from type [java.lang.String] to type [double]]
2017-01-19 12:08:20.171  WARN 39107 --- [main] ationConfigEmbeddedWebApplicationContext : Exception encountered during context initialization - cancelling refresh attempt: org.springframework.context.ApplicationContextException: Unable to start embedded container; nested exception is org.springframework.boot.context.embedded.EmbeddedServletContainerException: Unable to start embedded Tomcat
2017-01-19 12:08:20.180 ERROR 39107 --- [main] o.s.b.d.LoggingFailureAnalysisReporter   : 

***************************
APPLICATION FAILED TO START
***************************

Description:

Binding to target EurekaServerConfigBean(propertyResolver=StandardServletEnvironment {activeProfiles=[], defaultProfiles=[default], propertySources=[servletConfigInitParams,servletContextInitParams,systemProperties,systemEnvironment,random,applicationConfig: [classpath:/application.properties],springCloudClientHostInfo,class path resource [eureka/server.properties],defaultProperties]}, aWSAccessId=null, aWSSecretKey=null, eIPBindRebindRetries=3, eIPBindingRetryIntervalMs=300000, eIPBindingRetryIntervalMsWhenUnbound=60000, enableSelfPreservation=true, renewalPercentThreshold=0.85, renewalThresholdUpdateIntervalMs=900000, peerEurekaNodesUpdateIntervalMs=600000, numberOfReplicationRetries=5, peerEurekaStatusRefreshTimeIntervalMs=30000, waitTimeInMsWhenSyncEmpty=0, peerNodeConnectTimeoutMs=200, peerNodeReadTimeoutMs=200, peerNodeTotalConnections=1000, peerNodeTotalConnectionsPerHost=500, peerNodeConnectionIdleTimeoutSeconds=30, retentionTimeInMSInDeltaQueue=180000, deltaRetentionTimerIntervalInMs=30000, evictionIntervalTimerInMs=60000, aSGQueryTimeoutMs=300, aSGUpdateIntervalMs=300000, aSGCacheExpiryTimeoutMs=600000, responseCacheAutoExpirationInSeconds=180, responseCacheUpdateIntervalMs=30000, useReadOnlyResponseCache=true, disableDelta=false, maxIdleThreadInMinutesAgeForStatusReplication=10, minThreadsForStatusReplication=1, maxThreadsForStatusReplication=1, maxElementsInStatusReplicationPool=10000, syncWhenTimestampDiffers=true, registrySyncRetries=0, registrySyncRetryWaitMs=30000, maxElementsInPeerReplicationPool=10000, maxIdleThreadAgeInMinutesForPeerReplication=15, minThreadsForPeerReplication=5, maxThreadsForPeerReplication=20, maxTimeForReplication=30000, primeAwsReplicaConnections=true, disableDeltaForRemoteRegions=false, remoteRegionConnectTimeoutMs=1000, remoteRegionReadTimeoutMs=1000, remoteRegionTotalConnections=1000, remoteRegionTotalConnectionsPerHost=500, remoteRegionConnectionIdleTimeoutSeconds=30, gZipContentFromRemoteRegion=true, remoteRegionUrlsWithName={}, remoteRegionUrls=null, remoteRegionAppWhitelist=null, remoteRegionRegistryFetchInterval=30, remoteRegionFetchThreadPoolSize=20, remoteRegionTrustStore=, remoteRegionTrustStorePassword=changeit, disableTransparentFallbackToOtherRegion=false, batchReplication=false, rateLimiterEnabled=false, rateLimiterThrottleStandardClients=false, rateLimiterPrivilegedClients=[], rateLimiterBurstSize=10, rateLimiterRegistryFetchAverageRate=500, rateLimiterFullFetchAverageRate=100, logIdentityHeaders=true, listAutoScalingGroupsRoleName=ListAutoScalingGroups, enableReplicatedRequestCompression=false, jsonCodecName=null, xmlCodecName=null, route53BindRebindRetries=3, route53BindingRetryIntervalMs=300000, route53DomainTTL=30, bindingStrategy=EIP) failed:

    Property: eureka.server.renewalPercentThreshold
    Value: 0.49 # to get rid of the annoying EMERGENCY... when there is only  
    Reason: Failed to convert property value of type 'java.lang.String' to required type 'double' for property 'renewalPercentThreshold'; nested exception is org.springframework.core.convert.ConverterNotFoundException: No converter found capable of converting from type [java.lang.String] to type [double]


Action:

Update your application's configuration

2017-01-19 12:09:33.146  INFO 39654 --- [main] c.coding.eureka.EurekaServerApplication  : No active profile set, falling back to default profiles: default
2017-01-19 12:09:33.168  INFO 39654 --- [main] ationConfigEmbeddedWebApplicationContext : Refreshing org.springframework.boot.context.embedded.AnnotationConfigEmbeddedWebApplicationContext@7d417077: startup date [Thu Jan 19 12:09:33 PST 2017]; parent: org.springframework.context.annotation.AnnotationConfigApplicationContext@4cdf35a9
2017-01-19 12:09:34.143  WARN 39654 --- [main] o.s.c.a.ConfigurationClassPostProcessor  : Cannot enhance @Configuration bean definition 'refreshScope' since its singleton instance has been created too early. The typical cause is a non-static @Bean method with a BeanDefinitionRegistryPostProcessor return type: Consider declaring such methods as 'static'.
2017-01-19 12:09:34.374  INFO 39654 --- [main] o.s.cloud.context.scope.GenericScope     : BeanFactory id=8fb763b6-938a-3b12-a8c3-9df53e7f150a
2017-01-19 12:09:34.476  INFO 39654 --- [main] f.a.AutowiredAnnotationBeanPostProcessor : JSR-330 'javax.inject.Inject' annotation found and supported for autowiring
2017-01-19 12:09:34.579  INFO 39654 --- [main] trationDelegate$BeanPostProcessorChecker : Bean 'org.springframework.cloud.autoconfigure.ConfigurationPropertiesRebinderAutoConfiguration' of type [class org.springframework.cloud.autoconfigure.ConfigurationPropertiesRebinderAutoConfiguration$$EnhancerBySpringCGLIB$$591cf5d8] is not eligible for getting processed by all BeanPostProcessors (for example: not eligible for auto-proxying)
2017-01-19 12:09:34.908  INFO 39654 --- [main] s.b.c.e.t.TomcatEmbeddedServletContainer : Tomcat initialized with port(s): 8761 (http)
2017-01-19 12:09:34.921  INFO 39654 --- [main] o.apache.catalina.core.StandardService   : Starting service Tomcat
2017-01-19 12:09:34.922  INFO 39654 --- [main] org.apache.catalina.core.StandardEngine  : Starting Servlet Engine: Apache Tomcat/8.5.6
2017-01-19 12:09:35.008  INFO 39654 --- [localhost-startStop-1] o.a.c.c.C.[.[.[/coding-eureka]           : Initializing Spring embedded WebApplicationContext
2017-01-19 12:09:35.008  INFO 39654 --- [localhost-startStop-1] o.s.web.context.ContextLoader            : Root WebApplicationContext: initialization completed in 1840 ms
2017-01-19 12:09:35.592  INFO 39654 --- [localhost-startStop-1] o.s.b.w.servlet.FilterRegistrationBean   : Mapping filter: 'metricsFilter' to: [/*]
2017-01-19 12:09:35.593  INFO 39654 --- [localhost-startStop-1] o.s.b.w.servlet.FilterRegistrationBean   : Mapping filter: 'characterEncodingFilter' to: [/*]
2017-01-19 12:09:35.593  INFO 39654 --- [localhost-startStop-1] o.s.b.w.servlet.FilterRegistrationBean   : Mapping filter: 'hiddenHttpMethodFilter' to: [/*]
2017-01-19 12:09:35.593  INFO 39654 --- [localhost-startStop-1] o.s.b.w.servlet.FilterRegistrationBean   : Mapping filter: 'httpPutFormContentFilter' to: [/*]
2017-01-19 12:09:35.593  INFO 39654 --- [localhost-startStop-1] o.s.b.w.servlet.FilterRegistrationBean   : Mapping filter: 'requestContextFilter' to: [/*]
2017-01-19 12:09:35.594  INFO 39654 --- [localhost-startStop-1] o.s.b.c.embedded.FilterRegistrationBean  : Mapping filter: 'webRequestTraceFilter' to: [/*]
2017-01-19 12:09:35.594  INFO 39654 --- [localhost-startStop-1] o.s.b.c.embedded.FilterRegistrationBean  : Mapping filter: 'servletContainer' to urls: [/eureka/*]
2017-01-19 12:09:35.594  INFO 39654 --- [localhost-startStop-1] o.s.b.w.servlet.FilterRegistrationBean   : Mapping filter: 'applicationContextIdFilter' to: [/*]
2017-01-19 12:09:35.594  INFO 39654 --- [localhost-startStop-1] o.s.b.w.servlet.ServletRegistrationBean  : Mapping servlet: 'dispatcherServlet' to [/]
2017-01-19 12:09:35.748  INFO 39654 --- [localhost-startStop-1] c.s.j.s.i.a.WebApplicationImpl           : Initiating Jersey application, version 'Jersey: 1.19.1 03/11/2016 02:08 PM'
2017-01-19 12:09:35.886  INFO 39654 --- [localhost-startStop-1] c.n.d.provider.DiscoveryJerseyProvider   : Using JSON encoding codec LegacyJacksonJson
2017-01-19 12:09:35.888  INFO 39654 --- [localhost-startStop-1] c.n.d.provider.DiscoveryJerseyProvider   : Using JSON decoding codec LegacyJacksonJson
2017-01-19 12:09:36.065  INFO 39654 --- [localhost-startStop-1] c.n.d.provider.DiscoveryJerseyProvider   : Using XML encoding codec XStreamXml
2017-01-19 12:09:36.065  INFO 39654 --- [localhost-startStop-1] c.n.d.provider.DiscoveryJerseyProvider   : Using XML decoding codec XStreamXml
2017-01-19 12:09:36.607  INFO 39654 --- [main] o.s.c.n.eureka.InstanceInfoFactory       : Setting initial instance status as: STARTING
2017-01-19 12:09:36.697  INFO 39654 --- [main] com.netflix.discovery.DiscoveryClient    : Client configured to neither register nor query for data.
2017-01-19 12:09:36.712  INFO 39654 --- [main] com.netflix.discovery.DiscoveryClient    : Discovery Client initialized at timestamp 1484856576712 with initial instances count: 0
2017-01-19 12:09:36.823  INFO 39654 --- [main] c.n.eureka.DefaultEurekaServerContext    : Initializing ...
2017-01-19 12:09:36.827  INFO 39654 --- [main] c.n.eureka.cluster.PeerEurekaNodes       : Adding new peer nodes [http://localhost:8761/eureka/]
2017-01-19 12:09:37.016  INFO 39654 --- [main] c.n.d.provider.DiscoveryJerseyProvider   : Using JSON encoding codec LegacyJacksonJson
2017-01-19 12:09:37.016  INFO 39654 --- [main] c.n.d.provider.DiscoveryJerseyProvider   : Using JSON decoding codec LegacyJacksonJson
2017-01-19 12:09:37.017  INFO 39654 --- [main] c.n.d.provider.DiscoveryJerseyProvider   : Using XML encoding codec XStreamXml
2017-01-19 12:09:37.017  INFO 39654 --- [main] c.n.d.provider.DiscoveryJerseyProvider   : Using XML decoding codec XStreamXml
2017-01-19 12:09:37.156  INFO 39654 --- [main] c.n.eureka.cluster.PeerEurekaNodes       : Replica node URL:  http://localhost:8761/eureka/
2017-01-19 12:09:37.166  INFO 39654 --- [main] c.n.e.registry.AbstractInstanceRegistry  : Finished initializing remote region registries. All known remote regions: []
2017-01-19 12:09:37.167  INFO 39654 --- [main] c.n.eureka.DefaultEurekaServerContext    : Initialized
2017-01-19 12:09:37.605  INFO 39654 --- [main] s.w.s.m.m.a.RequestMappingHandlerAdapter : Looking for @ControllerAdvice: org.springframework.boot.context.embedded.AnnotationConfigEmbeddedWebApplicationContext@7d417077: startup date [Thu Jan 19 12:09:33 PST 2017]; parent: org.springframework.context.annotation.AnnotationConfigApplicationContext@4cdf35a9
2017-01-19 12:09:37.890  INFO 39654 --- [main] s.w.s.m.m.a.RequestMappingHandlerMapping : Mapped "{[/],methods=[GET]}" onto public java.lang.String org.springframework.cloud.netflix.eureka.server.EurekaController.status(javax.servlet.http.HttpServletRequest,java.util.Map<java.lang.String, java.lang.Object>)
2017-01-19 12:09:37.892  INFO 39654 --- [main] s.w.s.m.m.a.RequestMappingHandlerMapping : Mapped "{[/lastn],methods=[GET]}" onto public java.lang.String org.springframework.cloud.netflix.eureka.server.EurekaController.lastn(javax.servlet.http.HttpServletRequest,java.util.Map<java.lang.String, java.lang.Object>)
2017-01-19 12:09:37.894  INFO 39654 --- [main] s.w.s.m.m.a.RequestMappingHandlerMapping : Mapped "{[/error]}" onto public org.springframework.http.ResponseEntity<java.util.Map<java.lang.String, java.lang.Object>> org.springframework.boot.autoconfigure.web.BasicErrorController.error(javax.servlet.http.HttpServletRequest)
2017-01-19 12:09:37.895  INFO 39654 --- [main] s.w.s.m.m.a.RequestMappingHandlerMapping : Mapped "{[/error],produces=[text/html]}" onto public org.springframework.web.servlet.ModelAndView org.springframework.boot.autoconfigure.web.BasicErrorController.errorHtml(javax.servlet.http.HttpServletRequest,javax.servlet.http.HttpServletResponse)
2017-01-19 12:09:37.986  INFO 39654 --- [main] o.s.w.s.handler.SimpleUrlHandlerMapping  : Mapped URL path [/webjars/**] onto handler of type [class org.springframework.web.servlet.resource.ResourceHttpRequestHandler]
2017-01-19 12:09:37.986  INFO 39654 --- [main] o.s.w.s.handler.SimpleUrlHandlerMapping  : Mapped URL path [/**] onto handler of type [class org.springframework.web.servlet.resource.ResourceHttpRequestHandler]
2017-01-19 12:09:38.117  INFO 39654 --- [main] o.s.w.s.handler.SimpleUrlHandlerMapping  : Mapped URL path [/**/favicon.ico] onto handler of type [class org.springframework.web.servlet.resource.ResourceHttpRequestHandler]
2017-01-19 12:09:38.793  INFO 39654 --- [main] o.s.b.a.e.mvc.EndpointHandlerMapping     : Mapped "{[/dump || /dump.json],methods=[GET],produces=[application/json]}" onto public java.lang.Object org.springframework.boot.actuate.endpoint.mvc.EndpointMvcAdapter.invoke()
2017-01-19 12:09:38.794  INFO 39654 --- [main] o.s.b.a.e.mvc.EndpointHandlerMapping     : Mapped "{[/beans || /beans.json],methods=[GET],produces=[application/json]}" onto public java.lang.Object org.springframework.boot.actuate.endpoint.mvc.EndpointMvcAdapter.invoke()
2017-01-19 12:09:38.794  INFO 39654 --- [main] o.s.b.a.e.mvc.EndpointHandlerMapping     : Mapped "{[/pause || /pause.json],methods=[POST]}" onto public java.lang.Object org.springframework.cloud.endpoint.GenericPostableMvcEndpoint.invoke()
2017-01-19 12:09:38.795  INFO 39654 --- [main] o.s.b.a.e.mvc.EndpointHandlerMapping     : Mapped "{[/logfile || /logfile.json],methods=[GET || HEAD]}" onto public void org.springframework.boot.actuate.endpoint.mvc.LogFileMvcEndpoint.invoke(javax.servlet.http.HttpServletRequest,javax.servlet.http.HttpServletResponse) throws javax.servlet.ServletException,java.io.IOException
2017-01-19 12:09:38.795  INFO 39654 --- [main] o.s.b.a.e.mvc.EndpointHandlerMapping     : Mapped "{[/restart || /restart.json],methods=[POST]}" onto public java.lang.Object org.springframework.cloud.context.restart.RestartMvcEndpoint.invoke()
2017-01-19 12:09:38.796  INFO 39654 --- [main] o.s.b.a.e.mvc.EndpointHandlerMapping     : Mapped "{[/refresh || /refresh.json],methods=[POST]}" onto public java.lang.Object org.springframework.cloud.endpoint.GenericPostableMvcEndpoint.invoke()
2017-01-19 12:09:38.797  INFO 39654 --- [main] o.s.b.a.e.mvc.EndpointHandlerMapping     : Mapped "{[/features || /features.json],methods=[GET],produces=[application/json]}" onto public java.lang.Object org.springframework.boot.actuate.endpoint.mvc.EndpointMvcAdapter.invoke()
2017-01-19 12:09:38.797  INFO 39654 --- [main] o.s.b.a.e.mvc.EndpointHandlerMapping     : Mapped "{[/heapdump || /heapdump.json],methods=[GET],produces=[application/octet-stream]}" onto public void org.springframework.boot.actuate.endpoint.mvc.HeapdumpMvcEndpoint.invoke(boolean,javax.servlet.http.HttpServletRequest,javax.servlet.http.HttpServletResponse) throws java.io.IOException,javax.servlet.ServletException
2017-01-19 12:09:38.798  INFO 39654 --- [main] o.s.b.a.e.mvc.EndpointHandlerMapping     : Mapped "{[/env/{name:.*}],methods=[GET],produces=[application/json]}" onto public java.lang.Object org.springframework.boot.actuate.endpoint.mvc.EnvironmentMvcEndpoint.value(java.lang.String)
2017-01-19 12:09:38.798  INFO 39654 --- [main] o.s.b.a.e.mvc.EndpointHandlerMapping     : Mapped "{[/env || /env.json],methods=[GET],produces=[application/json]}" onto public java.lang.Object org.springframework.boot.actuate.endpoint.mvc.EndpointMvcAdapter.invoke()
2017-01-19 12:09:38.805  INFO 39654 --- [main] o.s.b.a.e.mvc.EndpointHandlerMapping     : Mapped "{[/shutdown || /shutdown.json],methods=[POST]}" onto public java.lang.Object org.springframework.boot.actuate.endpoint.mvc.ShutdownMvcEndpoint.invoke()
2017-01-19 12:09:38.807  INFO 39654 --- [main] o.s.b.a.e.mvc.EndpointHandlerMapping     : Mapped "{[/mappings || /mappings.json],methods=[GET],produces=[application/json]}" onto public java.lang.Object org.springframework.boot.actuate.endpoint.mvc.EndpointMvcAdapter.invoke()
2017-01-19 12:09:38.808  INFO 39654 --- [main] o.s.b.a.e.mvc.EndpointHandlerMapping     : Mapped "{[/trace || /trace.json],methods=[GET],produces=[application/json]}" onto public java.lang.Object org.springframework.boot.actuate.endpoint.mvc.EndpointMvcAdapter.invoke()
2017-01-19 12:09:38.809  INFO 39654 --- [main] o.s.b.a.e.mvc.EndpointHandlerMapping     : Mapped "{[/info || /info.json],methods=[GET],produces=[application/json]}" onto public java.lang.Object org.springframework.boot.actuate.endpoint.mvc.EndpointMvcAdapter.invoke()
2017-01-19 12:09:38.812  INFO 39654 --- [main] o.s.b.a.e.mvc.EndpointHandlerMapping     : Mapped "{[/autoconfig || /autoconfig.json],methods=[GET],produces=[application/json]}" onto public java.lang.Object org.springframework.boot.actuate.endpoint.mvc.EndpointMvcAdapter.invoke()
2017-01-19 12:09:38.814  INFO 39654 --- [main] o.s.b.a.e.mvc.EndpointHandlerMapping     : Mapped "{[/configprops || /configprops.json],methods=[GET],produces=[application/json]}" onto public java.lang.Object org.springframework.boot.actuate.endpoint.mvc.EndpointMvcAdapter.invoke()
2017-01-19 12:09:38.815  INFO 39654 --- [main] o.s.b.a.e.mvc.EndpointHandlerMapping     : Mapped "{[/metrics/{name:.*}],methods=[GET],produces=[application/json]}" onto public java.lang.Object org.springframework.boot.actuate.endpoint.mvc.MetricsMvcEndpoint.value(java.lang.String)
2017-01-19 12:09:38.816  INFO 39654 --- [main] o.s.b.a.e.mvc.EndpointHandlerMapping     : Mapped "{[/metrics || /metrics.json],methods=[GET],produces=[application/json]}" onto public java.lang.Object org.springframework.boot.actuate.endpoint.mvc.EndpointMvcAdapter.invoke()
2017-01-19 12:09:38.818  INFO 39654 --- [main] o.s.b.a.e.mvc.EndpointHandlerMapping     : Mapped "{[/resume || /resume.json],methods=[POST]}" onto public java.lang.Object org.springframework.cloud.endpoint.GenericPostableMvcEndpoint.invoke()
2017-01-19 12:09:38.819  INFO 39654 --- [main] o.s.b.a.e.mvc.EndpointHandlerMapping     : Mapped "{[/env],methods=[POST]}" onto public java.lang.Object org.springframework.cloud.context.environment.EnvironmentManagerMvcEndpoint.value(java.util.Map<java.lang.String, java.lang.String>)
2017-01-19 12:09:38.819  INFO 39654 --- [main] o.s.b.a.e.mvc.EndpointHandlerMapping     : Mapped "{[/env/reset],methods=[POST]}" onto public java.util.Map<java.lang.String, java.lang.Object> org.springframework.cloud.context.environment.EnvironmentManagerMvcEndpoint.reset()
2017-01-19 12:09:38.820  INFO 39654 --- [main] o.s.b.a.e.mvc.EndpointHandlerMapping     : Mapped "{[/archaius || /archaius.json],methods=[GET],produces=[application/json]}" onto public java.lang.Object org.springframework.boot.actuate.endpoint.mvc.EndpointMvcAdapter.invoke()
2017-01-19 12:09:38.821  INFO 39654 --- [main] o.s.b.a.e.mvc.EndpointHandlerMapping     : Mapped "{[/health || /health.json],produces=[application/json]}" onto public java.lang.Object org.springframework.boot.actuate.endpoint.mvc.HealthMvcEndpoint.invoke(java.security.Principal)
2017-01-19 12:09:39.036  INFO 39654 --- [main] o.s.ui.freemarker.SpringTemplateLoader   : SpringTemplateLoader for FreeMarker: using resource loader [org.springframework.boot.context.embedded.AnnotationConfigEmbeddedWebApplicationContext@7d417077: startup date [Thu Jan 19 12:09:33 PST 2017]; parent: org.springframework.context.annotation.AnnotationConfigApplicationContext@4cdf35a9] and template loader path [classpath:/templates/]
2017-01-19 12:09:39.038  INFO 39654 --- [main] o.s.w.s.v.f.FreeMarkerConfigurer         : ClassTemplateLoader for Spring macros added to FreeMarker configuration
2017-01-19 12:09:39.150  WARN 39654 --- [main] o.s.c.n.a.ArchaiusAutoConfiguration      : No spring.application.name found, defaulting to 'application'
2017-01-19 12:09:39.155  WARN 39654 --- [main] c.n.c.sources.URLConfigurationSource     : No URLs will be polled as dynamic configuration sources.
2017-01-19 12:09:39.156  INFO 39654 --- [main] c.n.c.sources.URLConfigurationSource     : To enable URLs as dynamic configuration sources, define System property archaius.configurationSource.additionalUrls or make config.properties available on classpath.
2017-01-19 12:09:39.165  WARN 39654 --- [main] c.n.c.sources.URLConfigurationSource     : No URLs will be polled as dynamic configuration sources.
2017-01-19 12:09:39.165  INFO 39654 --- [main] c.n.c.sources.URLConfigurationSource     : To enable URLs as dynamic configuration sources, define System property archaius.configurationSource.additionalUrls or make config.properties available on classpath.
2017-01-19 12:09:39.272  INFO 39654 --- [main] o.s.j.e.a.AnnotationMBeanExporter        : Registering beans for JMX exposure on startup
2017-01-19 12:09:39.285  INFO 39654 --- [main] o.s.j.e.a.AnnotationMBeanExporter        : Bean with name 'refreshScope' has been autodetected for JMX exposure
2017-01-19 12:09:39.285  INFO 39654 --- [main] o.s.j.e.a.AnnotationMBeanExporter        : Bean with name 'environmentManager' has been autodetected for JMX exposure
2017-01-19 12:09:39.286  INFO 39654 --- [main] o.s.j.e.a.AnnotationMBeanExporter        : Bean with name 'configurationPropertiesRebinder' has been autodetected for JMX exposure
2017-01-19 12:09:39.287  INFO 39654 --- [main] o.s.j.e.a.AnnotationMBeanExporter        : Bean with name 'refreshEndpoint' has been autodetected for JMX exposure
2017-01-19 12:09:39.288  INFO 39654 --- [main] o.s.j.e.a.AnnotationMBeanExporter        : Bean with name 'restartEndpoint' has been autodetected for JMX exposure
2017-01-19 12:09:39.293  INFO 39654 --- [main] o.s.j.e.a.AnnotationMBeanExporter        : Located managed bean 'environmentManager': registering with JMX server as MBean [org.springframework.cloud.context.environment:name=environmentManager,type=EnvironmentManager]
2017-01-19 12:09:39.310  INFO 39654 --- [main] o.s.j.e.a.AnnotationMBeanExporter        : Located managed bean 'restartEndpoint': registering with JMX server as MBean [org.springframework.cloud.context.restart:name=restartEndpoint,type=RestartEndpoint]
2017-01-19 12:09:39.327  INFO 39654 --- [main] o.s.j.e.a.AnnotationMBeanExporter        : Located managed bean 'refreshScope': registering with JMX server as MBean [org.springframework.cloud.context.scope.refresh:name=refreshScope,type=RefreshScope]
2017-01-19 12:09:39.343  INFO 39654 --- [main] o.s.j.e.a.AnnotationMBeanExporter        : Located managed bean 'configurationPropertiesRebinder': registering with JMX server as MBean [org.springframework.cloud.context.properties:name=configurationPropertiesRebinder,context=7d417077,type=ConfigurationPropertiesRebinder]
2017-01-19 12:09:39.357  INFO 39654 --- [main] o.s.j.e.a.AnnotationMBeanExporter        : Located managed bean 'refreshEndpoint': registering with JMX server as MBean [org.springframework.cloud.endpoint:name=refreshEndpoint,type=RefreshEndpoint]
2017-01-19 12:09:39.534  INFO 39654 --- [main] o.s.c.support.DefaultLifecycleProcessor  : Starting beans in phase 0
2017-01-19 12:09:39.536  INFO 39654 --- [Thread-10] o.s.c.n.e.server.EurekaServerBootstrap   : Setting the eureka configuration..
2017-01-19 12:09:39.536  INFO 39654 --- [main] c.n.e.EurekaDiscoveryClientConfiguration : Registering application unknown with eureka with status UP
2017-01-19 12:09:39.536  INFO 39654 --- [Thread-10] o.s.c.n.e.server.EurekaServerBootstrap   : Eureka data center value eureka.datacenter is not set, defaulting to default
2017-01-19 12:09:39.536  INFO 39654 --- [Thread-10] o.s.c.n.e.server.EurekaServerBootstrap   : Eureka environment value eureka.environment is not set, defaulting to test
2017-01-19 12:09:39.554  INFO 39654 --- [Thread-10] o.s.c.n.e.server.EurekaServerBootstrap   : isAws returned false
2017-01-19 12:09:39.555  INFO 39654 --- [Thread-10] o.s.c.n.e.server.EurekaServerBootstrap   : Initialized server context
2017-01-19 12:09:39.555  INFO 39654 --- [Thread-10] c.n.e.r.PeerAwareInstanceRegistryImpl    : Got 1 instances from neighboring DS node
2017-01-19 12:09:39.555  INFO 39654 --- [Thread-10] c.n.e.r.PeerAwareInstanceRegistryImpl    : Renew threshold is: 0
2017-01-19 12:09:39.555  INFO 39654 --- [Thread-10] c.n.e.r.PeerAwareInstanceRegistryImpl    : Changing status to UP
2017-01-19 12:09:39.562  INFO 39654 --- [Thread-10] e.s.EurekaServerInitializerConfiguration : Started Eureka Server
2017-01-19 12:09:39.679  INFO 39654 --- [main] s.b.c.e.t.TomcatEmbeddedServletContainer : Tomcat started on port(s): 8761 (http)
2017-01-19 12:09:39.682  INFO 39654 --- [main] c.n.e.EurekaDiscoveryClientConfiguration : Updating port to 8761
2017-01-19 12:09:39.686  INFO 39654 --- [main] c.coding.eureka.EurekaServerApplication  : Started EurekaServerApplication in 8.049 seconds (JVM running for 8.547)
2017-01-19 12:09:47.781  INFO 39654 --- [http-nio-8761-exec-1] o.a.c.c.C.[.[.[/coding-eureka]           : Initializing Spring FrameworkServlet 'dispatcherServlet'
2017-01-19 12:09:47.782  INFO 39654 --- [http-nio-8761-exec-1] o.s.web.servlet.DispatcherServlet        : FrameworkServlet 'dispatcherServlet': initialization started
2017-01-19 12:09:47.799  INFO 39654 --- [http-nio-8761-exec-1] o.s.web.servlet.DispatcherServlet        : FrameworkServlet 'dispatcherServlet': initialization completed in 17 ms
2017-01-19 12:10:39.557  INFO 39654 --- [Eureka-EvictionTimer] c.n.e.registry.AbstractInstanceRegistry  : Running the evict task with compensationTime 0ms
2017-01-19 12:10:58.549  INFO 39654 --- [Thread-12] ationConfigEmbeddedWebApplicationContext : Closing org.springframework.boot.context.embedded.AnnotationConfigEmbeddedWebApplicationContext@7d417077: startup date [Thu Jan 19 12:09:33 PST 2017]; parent: org.springframework.context.annotation.AnnotationConfigApplicationContext@4cdf35a9
2017-01-19 12:10:58.552  INFO 39654 --- [Thread-12] c.n.e.EurekaDiscoveryClientConfiguration : Unregistering application unknown with eureka with status DOWN
2017-01-19 12:10:58.552  INFO 39654 --- [Thread-12] com.netflix.discovery.DiscoveryClient    : Shutting down DiscoveryClient ...
2017-01-19 12:10:58.552  INFO 39654 --- [Thread-12] com.netflix.discovery.DiscoveryClient    : Completed shut down of DiscoveryClient
2017-01-19 12:10:58.553  INFO 39654 --- [Thread-12] o.s.c.support.DefaultLifecycleProcessor  : Stopping beans in phase 0
2017-01-19 12:10:58.558  INFO 39654 --- [Thread-12] o.s.j.e.a.AnnotationMBeanExporter        : Unregistering JMX-exposed beans on shutdown
2017-01-19 12:10:58.559  INFO 39654 --- [Thread-12] o.s.j.e.a.AnnotationMBeanExporter        : Unregistering JMX-exposed beans
2017-01-19 12:10:58.560  INFO 39654 --- [Thread-12] c.n.eureka.DefaultEurekaServerContext    : Shutting down ...
2017-01-19 12:10:58.565  INFO 39654 --- [Thread-12] c.n.eureka.DefaultEurekaServerContext    : Shut down
